warning: Git tree '/home/sla/.nixfiles' is dirty
building the system configuration...
warning: Git tree '/home/sla/.nixfiles' is dirty
error:
       … while calling anonymous lambda
         at /nix/store/7agp54mgffm9m1wc1kgmkm37pvy18qhf-source/lib/attrsets.nix:1691:14:
         1690|         zipAttrsWith (
         1691|           n: values:
             |              ^
         1692|           let

       … while calling the 'head' builtin
         at /nix/store/7agp54mgffm9m1wc1kgmkm37pvy18qhf-source/lib/attrsets.nix:1696:13:
         1695|           if length values == 1 || pred here (elemAt values 1) (head values) then
         1696|             head values
             |             ^
         1697|           else

       … while calling anonymous lambda
         at /nix/store/7agp54mgffm9m1wc1kgmkm37pvy18qhf-source/lib/attrsets.nix:1188:17:
         1187|         mapAttrs (
         1188|           name: value:
             |                 ^
         1189|           if isAttrs value && cond value then recurse (path ++ [ name ]) value else f (path ++ [ name ]) value

       … from call site
         at /nix/store/7agp54mgffm9m1wc1kgmkm37pvy18qhf-source/lib/attrsets.nix:1189:85:
         1188|           name: value:
         1189|           if isAttrs value && cond value then recurse (path ++ [ name ]) value else f (path ++ [ name ]) value
             |                                                                                     ^
         1190|         );

       … while calling anonymous lambda
         at /nix/store/7agp54mgffm9m1wc1kgmkm37pvy18qhf-source/lib/modules.nix:275:71:
          274|           # For definitions that have an associated option
          275|           declaredConfig = mapAttrsRecursiveCond (v: !isOption v) (_: v: v.value) options;
             |                                                                       ^
          276|

       … while evaluating the attribute 'value'
         at /nix/store/7agp54mgffm9m1wc1kgmkm37pvy18qhf-source/lib/modules.nix:1118:7:
         1117|     // {
         1118|       value = addErrorContext "while evaluating the option `${showOption loc}':" value;
             |       ^
         1119|       inherit (res.defsFinal') highestPrio;

       … while evaluating the option `system.build.toplevel':

       … while evaluating the attribute 'mergedValue'
         at /nix/store/7agp54mgffm9m1wc1kgmkm37pvy18qhf-source/lib/modules.nix:1166:5:
         1165|     # Type-check the remaining definitions, and merge them. Or throw if no definitions.
         1166|     mergedValue =
             |     ^
         1167|       if isDefined then

       … while evaluating a branch condition
         at /nix/store/7agp54mgffm9m1wc1kgmkm37pvy18qhf-source/lib/modules.nix:1167:7:
         1166|     mergedValue =
         1167|       if isDefined then
             |       ^
         1168|         if type.merge ? v2 then

       … while evaluating the attribute 'values'
         at /nix/store/7agp54mgffm9m1wc1kgmkm37pvy18qhf-source/lib/modules.nix:1160:9:
         1159|       {
         1160|         values = defsSorted;
             |         ^
         1161|         inherit (defsFiltered) highestPrio;

       … while evaluating a branch condition
         at /nix/store/7agp54mgffm9m1wc1kgmkm37pvy18qhf-source/lib/modules.nix:1154:11:
         1153|           # Avoid sorting if we don't have to.
         1154|           if any (def: def.value._type or "" == "order") defsFiltered.values then
             |           ^
         1155|             sortProperties defsFiltered.values

       … while calling the 'any' builtin
         at /nix/store/7agp54mgffm9m1wc1kgmkm37pvy18qhf-source/lib/modules.nix:1154:14:
         1153|           # Avoid sorting if we don't have to.
         1154|           if any (def: def.value._type or "" == "order") defsFiltered.values then
             |              ^
         1155|             sortProperties defsFiltered.values

       … while evaluating the attribute 'values'
         at /nix/store/7agp54mgffm9m1wc1kgmkm37pvy18qhf-source/lib/modules.nix:1331:7:
         1330|     {
         1331|       values = concatMap (def: if getPrio def == highestPrio then [ (strip def) ] else [ ]) defs;
             |       ^
         1332|       inherit highestPrio;

       … while calling the 'concatMap' builtin
         at /nix/store/7agp54mgffm9m1wc1kgmkm37pvy18qhf-source/lib/modules.nix:1331:16:
         1330|     {
         1331|       values = concatMap (def: if getPrio def == highestPrio then [ (strip def) ] else [ ]) defs;
             |                ^
         1332|       inherit highestPrio;

       … while calling the 'concatMap' builtin
         at /nix/store/7agp54mgffm9m1wc1kgmkm37pvy18qhf-source/lib/modules.nix:1134:26:
         1133|         # Process mkMerge and mkIf properties.
         1134|         defsNormalized = concatMap (
             |                          ^
         1135|           m:

       … while calling anonymous lambda
         at /nix/store/7agp54mgffm9m1wc1kgmkm37pvy18qhf-source/lib/modules.nix:1135:11:
         1134|         defsNormalized = concatMap (
         1135|           m:
             |           ^
         1136|           map (

       … while calling the 'map' builtin
         at /nix/store/7agp54mgffm9m1wc1kgmkm37pvy18qhf-source/lib/modules.nix:1136:11:
         1135|           m:
         1136|           map (
             |           ^
         1137|             value:

       … while evaluating definitions from `/nix/store/7agp54mgffm9m1wc1kgmkm37pvy18qhf-source/nixos/modules/system/activation/top-level.nix':

       … from call site
         at /nix/store/7agp54mgffm9m1wc1kgmkm37pvy18qhf-source/lib/modules.nix:1145:80:
         1144|               }
         1145|           ) (addErrorContext "while evaluating definitions from `${m.file}':" (dischargeProperties m.value))
             |                                                                                ^
         1146|         ) defs;

       … while calling 'dischargeProperties'
         at /nix/store/7agp54mgffm9m1wc1kgmkm37pvy18qhf-source/lib/modules.nix:1282:5:
         1281|   dischargeProperties =
         1282|     def:
             |     ^
         1283|     if def._type or "" == "merge" then

       … while evaluating a branch condition
         at /nix/store/7agp54mgffm9m1wc1kgmkm37pvy18qhf-source/lib/modules.nix:1283:5:
         1282|     def:
         1283|     if def._type or "" == "merge" then
             |     ^
         1284|       concatMap dischargeProperties def.contents

       … while evaluating the attribute 'value'
         at /nix/store/7agp54mgffm9m1wc1kgmkm37pvy18qhf-source/lib/modules.nix:805:21:
          804|             inherit (module) file;
          805|             inherit value;
             |                     ^
          806|           }) module.config

       … from call site
         at /nix/store/7agp54mgffm9m1wc1kgmkm37pvy18qhf-source/nixos/modules/system/activation/top-level.nix:83:26:
           82|   # Handle assertions and warnings
           83|   baseSystemAssertWarn = lib.asserts.checkAssertWarn config.assertions config.warnings baseSystem;
             |                          ^
           84|

       … while calling 'checkAssertWarn'
         at /nix/store/7agp54mgffm9m1wc1kgmkm37pvy18qhf-source/lib/asserts.nix:193:27:
          192|   checkAssertWarn =
          193|     assertions: warnings: val:
             |                           ^
          194|     let

       … from call site
         at /nix/store/7agp54mgffm9m1wc1kgmkm37pvy18qhf-source/lib/asserts.nix:200:7:
          199|     else
          200|       showWarnings warnings val;
             |       ^
          201|

       … while calling 'showWarnings'
         at /nix/store/7agp54mgffm9m1wc1kgmkm37pvy18qhf-source/lib/trivial.nix:982:28:
          981|
          982|   showWarnings = warnings: res: lib.foldr (w: x: warn w x) res warnings;
             |                            ^
          983|

       … from call site
         at /nix/store/7agp54mgffm9m1wc1kgmkm37pvy18qhf-source/lib/trivial.nix:982:33:
          981|
          982|   showWarnings = warnings: res: lib.foldr (w: x: warn w x) res warnings;
             |                                 ^
          983|

       … while calling 'foldr'
         at /nix/store/7agp54mgffm9m1wc1kgmkm37pvy18qhf-source/lib/lists.nix:139:14:
          138|   foldr =
          139|     op: nul: list:
             |              ^
          140|     let

       … from call site
         at /nix/store/7agp54mgffm9m1wc1kgmkm37pvy18qhf-source/lib/lists.nix:144:5:
          143|     in
          144|     fold' 0;
             |     ^
          145|

       … while calling 'fold''
         at /nix/store/7agp54mgffm9m1wc1kgmkm37pvy18qhf-source/lib/lists.nix:142:15:
          141|       len = length list;
          142|       fold' = n: if n == len then nul else op (elemAt list n) (fold' (n + 1));
             |               ^
          143|     in

       … while evaluating a branch condition
         at /nix/store/7agp54mgffm9m1wc1kgmkm37pvy18qhf-source/lib/lists.nix:142:18:
          141|       len = length list;
          142|       fold' = n: if n == len then nul else op (elemAt list n) (fold' (n + 1));
             |                  ^
          143|     in

       … while calling the 'length' builtin
         at /nix/store/7agp54mgffm9m1wc1kgmkm37pvy18qhf-source/lib/lists.nix:141:13:
          140|     let
          141|       len = length list;
             |             ^
          142|       fold' = n: if n == len then nul else op (elemAt list n) (fold' (n + 1));

       … from call site
         at /nix/store/7agp54mgffm9m1wc1kgmkm37pvy18qhf-source/nixos/modules/system/activation/top-level.nix:83:72:
           82|   # Handle assertions and warnings
           83|   baseSystemAssertWarn = lib.asserts.checkAssertWarn config.assertions config.warnings baseSystem;
             |                                                                        ^
           84|

       … while calling anonymous lambda
         at /nix/store/7agp54mgffm9m1wc1kgmkm37pvy18qhf-source/lib/attrsets.nix:1188:17:
         1187|         mapAttrs (
         1188|           name: value:
             |                 ^
         1189|           if isAttrs value && cond value then recurse (path ++ [ name ]) value else f (path ++ [ name ]) value

       … from call site
         at /nix/store/7agp54mgffm9m1wc1kgmkm37pvy18qhf-source/lib/attrsets.nix:1189:85:
         1188|           name: value:
         1189|           if isAttrs value && cond value then recurse (path ++ [ name ]) value else f (path ++ [ name ]) value
             |                                                                                     ^
         1190|         );

       … while calling anonymous lambda
         at /nix/store/7agp54mgffm9m1wc1kgmkm37pvy18qhf-source/lib/modules.nix:275:71:
          274|           # For definitions that have an associated option
          275|           declaredConfig = mapAttrsRecursiveCond (v: !isOption v) (_: v: v.value) options;
             |                                                                       ^
          276|

       … while evaluating the attribute 'value'
         at /nix/store/7agp54mgffm9m1wc1kgmkm37pvy18qhf-source/lib/modules.nix:1118:7:
         1117|     // {
         1118|       value = addErrorContext "while evaluating the option `${showOption loc}':" value;
             |       ^
         1119|       inherit (res.defsFinal') highestPrio;

       … while evaluating the option `warnings':

       (10 duplicate frames omitted)

       … while evaluating definitions from `/nix/store/7agp54mgffm9m1wc1kgmkm37pvy18qhf-source/nixos/modules/system/boot/systemd.nix':

       … from call site
         at /nix/store/7agp54mgffm9m1wc1kgmkm37pvy18qhf-source/lib/modules.nix:1145:80:
         1144|               }
         1145|           ) (addErrorContext "while evaluating definitions from `${m.file}':" (dischargeProperties m.value))
             |                                                                                ^
         1146|         ) defs;

       … while calling 'dischargeProperties'
         at /nix/store/7agp54mgffm9m1wc1kgmkm37pvy18qhf-source/lib/modules.nix:1282:5:
         1281|   dischargeProperties =
         1282|     def:
             |     ^
         1283|     if def._type or "" == "merge" then

       … while evaluating a branch condition
         at /nix/store/7agp54mgffm9m1wc1kgmkm37pvy18qhf-source/lib/modules.nix:1283:5:
         1282|     def:
         1283|     if def._type or "" == "merge" then
             |     ^
         1284|       concatMap dischargeProperties def.contents

       … while evaluating the attribute 'value'
         at /nix/store/7agp54mgffm9m1wc1kgmkm37pvy18qhf-source/lib/modules.nix:805:21:
          804|             inherit (module) file;
          805|             inherit value;
             |                     ^
          806|           }) module.config

       … while calling the 'concatLists' builtin
         at /nix/store/7agp54mgffm9m1wc1kgmkm37pvy18qhf-source/nixos/modules/system/boot/systemd.nix:494:7:
          493|       in
          494|       concatLists (
             |       ^
          495|         mapAttrsToList (

       … while calling anonymous lambda
         at /nix/store/7agp54mgffm9m1wc1kgmkm37pvy18qhf-source/nixos/modules/system/boot/systemd.nix:496:17:
          495|         mapAttrsToList (
          496|           name: service:
             |                 ^
          497|           let

       … while calling the 'concatLists' builtin
         at /nix/store/7agp54mgffm9m1wc1kgmkm37pvy18qhf-source/nixos/modules/system/boot/systemd.nix:502:11:
          501|           in
          502|           concatLists [
             |           ^
          503|             (optional (type == "oneshot" && (restart == "always" || restart == "on-success"))

       … from call site
         at /nix/store/7agp54mgffm9m1wc1kgmkm37pvy18qhf-source/nixos/modules/system/boot/systemd.nix:503:14:
          502|           concatLists [
          503|             (optional (type == "oneshot" && (restart == "always" || restart == "on-success"))
             |              ^
          504|               "Service '${name}.service' with 'Type=oneshot' cannot have 'Restart=always' or 'Restart=on-success'"

       … while calling 'optional'
         at /nix/store/7agp54mgffm9m1wc1kgmkm37pvy18qhf-source/lib/lists.nix:777:20:
          776|   */
          777|   optional = cond: elem: if cond then [ elem ] else [ ];
             |                    ^
          778|

       … while evaluating a branch condition
         at /nix/store/7agp54mgffm9m1wc1kgmkm37pvy18qhf-source/lib/lists.nix:777:26:
          776|   */
          777|   optional = cond: elem: if cond then [ elem ] else [ ];
             |                          ^
          778|

       … in the left operand of the AND (&&) operator
         at /nix/store/7agp54mgffm9m1wc1kgmkm37pvy18qhf-source/nixos/modules/system/boot/systemd.nix:503:42:
          502|           concatLists [
          503|             (optional (type == "oneshot" && (restart == "always" || restart == "on-success"))
             |                                          ^
          504|               "Service '${name}.service' with 'Type=oneshot' cannot have 'Restart=always' or 'Restart=on-success'"

       … from call site
         at /nix/store/7agp54mgffm9m1wc1kgmkm37pvy18qhf-source/nixos/modules/system/boot/systemd.nix:498:20:
          497|           let
          498|             type = service.serviceConfig.Type or "";
             |                    ^
          499|             restart = service.serviceConfig.Restart or "no";

       … while calling anonymous lambda
         at /nix/store/7agp54mgffm9m1wc1kgmkm37pvy18qhf-source/lib/attrsets.nix:1188:17:
         1187|         mapAttrs (
         1188|           name: value:
             |                 ^
         1189|           if isAttrs value && cond value then recurse (path ++ [ name ]) value else f (path ++ [ name ]) value

       … from call site
         at /nix/store/7agp54mgffm9m1wc1kgmkm37pvy18qhf-source/lib/attrsets.nix:1189:85:
         1188|           name: value:
         1189|           if isAttrs value && cond value then recurse (path ++ [ name ]) value else f (path ++ [ name ]) value
             |                                                                                     ^
         1190|         );

       … while calling anonymous lambda
         at /nix/store/7agp54mgffm9m1wc1kgmkm37pvy18qhf-source/lib/modules.nix:275:71:
          274|           # For definitions that have an associated option
          275|           declaredConfig = mapAttrsRecursiveCond (v: !isOption v) (_: v: v.value) options;
             |                                                                       ^
          276|

       … while evaluating the attribute 'value'
         at /nix/store/7agp54mgffm9m1wc1kgmkm37pvy18qhf-source/lib/modules.nix:1118:7:
         1117|     // {
         1118|       value = addErrorContext "while evaluating the option `${showOption loc}':" value;
             |       ^
         1119|       inherit (res.defsFinal') highestPrio;

       … while evaluating the option `systemd.services.home-manager-sla.serviceConfig':

       … while evaluating the attribute 'mergedValue'
         at /nix/store/7agp54mgffm9m1wc1kgmkm37pvy18qhf-source/lib/modules.nix:1166:5:
         1165|     # Type-check the remaining definitions, and merge them. Or throw if no definitions.
         1166|     mergedValue =
             |     ^
         1167|       if isDefined then

       … while evaluating the attribute 'value'
         at /nix/store/7agp54mgffm9m1wc1kgmkm37pvy18qhf-source/lib/types.nix:847:17:
          846|                 headError = checkDefsForError check loc defs;
          847|                 value = mapAttrs (
             |                 ^
          848|                   n: v:

       … while calling the 'mapAttrs' builtin
         at /nix/store/7agp54mgffm9m1wc1kgmkm37pvy18qhf-source/lib/types.nix:847:25:
          846|                 headError = checkDefsForError check loc defs;
          847|                 value = mapAttrs (
             |                         ^
          848|                   n: v:

       … from call site
         at /nix/store/7agp54mgffm9m1wc1kgmkm37pvy18qhf-source/lib/types.nix:841:21:
          840|                     # Meaning it is less lazy
          841|                     filterAttrs (n: v: v.optionalValue ? value) (
             |                     ^
          842|                       zipAttrsWith (name: defs: mergeDefinitions (loc ++ [ name ]) elemType defs) (pushPositions defs)

       … while calling 'filterAttrs'
         at /nix/store/7agp54mgffm9m1wc1kgmkm37pvy18qhf-source/lib/attrsets.nix:663:23:
          662|   */
          663|   filterAttrs = pred: set: removeAttrs set (filter (name: !pred name set.${name}) (attrNames set));
             |                       ^
          664|

       … while calling the 'removeAttrs' builtin
         at /nix/store/7agp54mgffm9m1wc1kgmkm37pvy18qhf-source/lib/attrsets.nix:663:28:
          662|   */
          663|   filterAttrs = pred: set: removeAttrs set (filter (name: !pred name set.${name}) (attrNames set));
             |                            ^
          664|

       … while calling the 'filter' builtin
         at /nix/store/7agp54mgffm9m1wc1kgmkm37pvy18qhf-source/lib/attrsets.nix:663:45:
          662|   */
          663|   filterAttrs = pred: set: removeAttrs set (filter (name: !pred name set.${name}) (attrNames set));
             |                                             ^
          664|

       … while calling anonymous lambda
         at /nix/store/7agp54mgffm9m1wc1kgmkm37pvy18qhf-source/lib/attrsets.nix:663:53:
          662|   */
          663|   filterAttrs = pred: set: removeAttrs set (filter (name: !pred name set.${name}) (attrNames set));
             |                                                     ^
          664|

       … in the argument of the not operator
         at /nix/store/7agp54mgffm9m1wc1kgmkm37pvy18qhf-source/lib/attrsets.nix:663:60:
          662|   */
          663|   filterAttrs = pred: set: removeAttrs set (filter (name: !pred name set.${name}) (attrNames set));
             |                                                            ^
          664|

       … from call site
         at /nix/store/7agp54mgffm9m1wc1kgmkm37pvy18qhf-source/lib/attrsets.nix:663:60:
          662|   */
          663|   filterAttrs = pred: set: removeAttrs set (filter (name: !pred name set.${name}) (attrNames set));
             |                                                            ^
          664|

       … while calling anonymous lambda
         at /nix/store/7agp54mgffm9m1wc1kgmkm37pvy18qhf-source/lib/types.nix:841:37:
          840|                     # Meaning it is less lazy
          841|                     filterAttrs (n: v: v.optionalValue ? value) (
             |                                     ^
          842|                       zipAttrsWith (name: defs: mergeDefinitions (loc ++ [ name ]) elemType defs) (pushPositions defs)

       … while evaluating the attribute 'optionalValue'
         at /nix/store/7agp54mgffm9m1wc1kgmkm37pvy18qhf-source/lib/modules.nix:1227:5:
         1226|
         1227|     optionalValue = if isDefined then { value = mergedValue; } else { };
             |     ^
         1228|   };

       … while evaluating a branch condition
         at /nix/store/7agp54mgffm9m1wc1kgmkm37pvy18qhf-source/lib/modules.nix:1227:21:
         1226|
         1227|     optionalValue = if isDefined then { value = mergedValue; } else { };
             |                     ^
         1228|   };

       (8 duplicate frames omitted)

       … while evaluating definitions from `/nix/store/nmlj503piw75wayd45s2m6lhmh1bbimc-source/nixos':

       … from call site
         at /nix/store/7agp54mgffm9m1wc1kgmkm37pvy18qhf-source/lib/modules.nix:1145:80:
         1144|               }
         1145|           ) (addErrorContext "while evaluating definitions from `${m.file}':" (dischargeProperties m.value))
             |                                                                                ^
         1146|         ) defs;

       … while calling 'dischargeProperties'
         at /nix/store/7agp54mgffm9m1wc1kgmkm37pvy18qhf-source/lib/modules.nix:1282:5:
         1281|   dischargeProperties =
         1282|     def:
             |     ^
         1283|     if def._type or "" == "merge" then

       … while evaluating a branch condition
         at /nix/store/7agp54mgffm9m1wc1kgmkm37pvy18qhf-source/lib/modules.nix:1283:5:
         1282|     def:
         1283|     if def._type or "" == "merge" then
             |     ^
         1284|       concatMap dischargeProperties def.contents

       … while evaluating the attribute 'value'
         at /nix/store/7agp54mgffm9m1wc1kgmkm37pvy18qhf-source/lib/types.nix:791:15:
          790|               inherit (def) file;
          791|               value = v;
             |               ^
          792|             }) def.value

       … while calling the 'getAttr' builtin
         at <nix/derivation-internal.nix>:50:17:
           49|     value = commonAttrs // {
           50|       outPath = builtins.getAttr outputName strict;
             |                 ^
           51|       drvPath = strict.drvPath;

       … while calling the 'derivationStrict' builtin
         at <nix/derivation-internal.nix>:37:12:
           36|
           37|   strict = derivationStrict drvAttrs;
             |            ^
           38|

       … while evaluating derivation 'home-manager-generation'
         whose name attribute is located at /nix/store/7agp54mgffm9m1wc1kgmkm37pvy18qhf-source/pkgs/stdenv/generic/make-derivation.nix:544:13

       … while evaluating attribute 'buildCommand' of derivation 'home-manager-generation'
         at /nix/store/7agp54mgffm9m1wc1kgmkm37pvy18qhf-source/pkgs/build-support/trivial-builders/default.nix:80:17:
           79|         enableParallelBuilding = true;
           80|         inherit buildCommand name;
             |                 ^
           81|         passAsFile = [ "buildCommand" ] ++ (derivationArgs.passAsFile or [ ]);

       … while calling the 'getAttr' builtin
         at <nix/derivation-internal.nix>:50:17:
           49|     value = commonAttrs // {
           50|       outPath = builtins.getAttr outputName strict;
             |                 ^
           51|       drvPath = strict.drvPath;

       … while calling the 'derivationStrict' builtin
         at <nix/derivation-internal.nix>:37:12:
           36|
           37|   strict = derivationStrict drvAttrs;
             |            ^
           38|

       … while evaluating derivation 'home-manager-files'
         whose name attribute is located at /nix/store/7agp54mgffm9m1wc1kgmkm37pvy18qhf-source/pkgs/stdenv/generic/make-derivation.nix:544:13

       … while evaluating attribute 'buildCommand' of derivation 'home-manager-files'
         at /nix/store/7agp54mgffm9m1wc1kgmkm37pvy18qhf-source/pkgs/build-support/trivial-builders/default.nix:80:17:
           79|         enableParallelBuilding = true;
           80|         inherit buildCommand name;
             |                 ^
           81|         passAsFile = [ "buildCommand" ] ++ (derivationArgs.passAsFile or [ ]);

       … while calling the 'concatStringsSep' builtin
         at /nix/store/nmlj503piw75wayd45s2m6lhmh1bbimc-source/modules/files.nix:360:13:
          359|           ''
          360|           + lib.concatStrings (
             |             ^
          361|             lib.mapAttrsToList (n: v: ''

       … while calling anonymous lambda
         at /nix/store/nmlj503piw75wayd45s2m6lhmh1bbimc-source/modules/files.nix:361:36:
          360|           + lib.concatStrings (
          361|             lib.mapAttrsToList (n: v: ''
             |                                    ^
          362|               insertFile ${

       … from call site
         at /nix/store/nmlj503piw75wayd45s2m6lhmh1bbimc-source/modules/files.nix:363:17:
          362|               insertFile ${
          363|                 lib.escapeShellArgs [
             |                 ^
          364|                   (sourceStorePath v)

       … while calling 'concatMapStringsSep'
         at /nix/store/7agp54mgffm9m1wc1kgmkm37pvy18qhf-source/lib/strings.nix:261:13:
          260|   concatMapStringsSep =
          261|     sep: f: list:
             |             ^
          262|     concatStringsSep sep (map f list);

       … while calling the 'concatStringsSep' builtin
         at /nix/store/7agp54mgffm9m1wc1kgmkm37pvy18qhf-source/lib/strings.nix:262:5:
          261|     sep: f: list:
          262|     concatStringsSep sep (map f list);
             |     ^
          263|

       … while calling 'escapeShellArg'
         at /nix/store/7agp54mgffm9m1wc1kgmkm37pvy18qhf-source/lib/strings.nix:1201:5:
         1200|   escapeShellArg =
         1201|     arg:
             |     ^
         1202|     let

       … while evaluating a branch condition
         at /nix/store/7agp54mgffm9m1wc1kgmkm37pvy18qhf-source/lib/strings.nix:1205:5:
         1204|     in
         1205|     if match "[[:alnum:],._+:@%/-]+" string == null then
             |     ^
         1206|       "'${replaceString "'" "'\\''" string}'"

       … while calling the 'match' builtin
         at /nix/store/7agp54mgffm9m1wc1kgmkm37pvy18qhf-source/lib/strings.nix:1205:8:
         1204|     in
         1205|     if match "[[:alnum:],._+:@%/-]+" string == null then
             |        ^
         1206|       "'${replaceString "'" "'\\''" string}'"

       … while evaluating the second argument passed to builtins.match

       … while calling the 'toString' builtin
         at /nix/store/7agp54mgffm9m1wc1kgmkm37pvy18qhf-source/lib/strings.nix:1203:16:
         1202|     let
         1203|       string = toString arg;
             |                ^
         1204|     in

       … from call site
         at /nix/store/nmlj503piw75wayd45s2m6lhmh1bbimc-source/modules/files.nix:364:20:
          363|                 lib.escapeShellArgs [
          364|                   (sourceStorePath v)
             |                    ^
          365|                   v.target

       … while calling 'sourceStorePath'
         at /nix/store/nmlj503piw75wayd45s2m6lhmh1bbimc-source/modules/files.nix:20:5:
           19|   sourceStorePath =
           20|     file:
             |     ^
           21|     let

       … while evaluating a branch condition
         at /nix/store/nmlj503piw75wayd45s2m6lhmh1bbimc-source/modules/files.nix:25:5:
           24|     in
           25|     if builtins.hasContext sourcePath then
             |     ^
           26|       file.source

       … while calling the 'hasContext' builtin
         at /nix/store/nmlj503piw75wayd45s2m6lhmh1bbimc-source/modules/files.nix:25:8:
           24|     in
           25|     if builtins.hasContext sourcePath then
             |        ^
           26|       file.source

       … while evaluating the argument passed to builtins.hasContext

       … while calling the 'toString' builtin
         at /nix/store/nmlj503piw75wayd45s2m6lhmh1bbimc-source/modules/files.nix:22:20:
           21|     let
           22|       sourcePath = toString file.source;
             |                    ^
           23|       sourceName = config.lib.strings.storeFileName (baseNameOf sourcePath);

       … from call site
         at /nix/store/nmlj503piw75wayd45s2m6lhmh1bbimc-source/modules/files.nix:22:29:
           21|     let
           22|       sourcePath = toString file.source;
             |                             ^
           23|       sourceName = config.lib.strings.storeFileName (baseNameOf sourcePath);

       … while calling anonymous lambda
         at /nix/store/7agp54mgffm9m1wc1kgmkm37pvy18qhf-source/lib/attrsets.nix:1188:17:
         1187|         mapAttrs (
         1188|           name: value:
             |                 ^
         1189|           if isAttrs value && cond value then recurse (path ++ [ name ]) value else f (path ++ [ name ]) value

       … from call site
         at /nix/store/7agp54mgffm9m1wc1kgmkm37pvy18qhf-source/lib/attrsets.nix:1189:85:
         1188|           name: value:
         1189|           if isAttrs value && cond value then recurse (path ++ [ name ]) value else f (path ++ [ name ]) value
             |                                                                                     ^
         1190|         );

       … while calling anonymous lambda
         at /nix/store/7agp54mgffm9m1wc1kgmkm37pvy18qhf-source/lib/modules.nix:275:71:
          274|           # For definitions that have an associated option
          275|           declaredConfig = mapAttrsRecursiveCond (v: !isOption v) (_: v: v.value) options;
             |                                                                       ^
          276|

       … while evaluating the attribute 'value'
         at /nix/store/7agp54mgffm9m1wc1kgmkm37pvy18qhf-source/lib/modules.nix:1118:7:
         1117|     // {
         1118|       value = addErrorContext "while evaluating the option `${showOption loc}':" value;
             |       ^
         1119|       inherit (res.defsFinal') highestPrio;

       … while evaluating the option `home-manager.users.sla.home.file.".manpath".source':

       (10 duplicate frames omitted)

       … while evaluating definitions from `/nix/store/nmlj503piw75wayd45s2m6lhmh1bbimc-source/modules/files.nix':

       … from call site
         at /nix/store/7agp54mgffm9m1wc1kgmkm37pvy18qhf-source/lib/modules.nix:1145:80:
         1144|               }
         1145|           ) (addErrorContext "while evaluating definitions from `${m.file}':" (dischargeProperties m.value))
             |                                                                                ^
         1146|         ) defs;

       … while calling 'dischargeProperties'
         at /nix/store/7agp54mgffm9m1wc1kgmkm37pvy18qhf-source/lib/modules.nix:1282:5:
         1281|   dischargeProperties =
         1282|     def:
             |     ^
         1283|     if def._type or "" == "merge" then

       … while evaluating a branch condition
         at /nix/store/7agp54mgffm9m1wc1kgmkm37pvy18qhf-source/lib/modules.nix:1286:7:
         1285|     else if def._type or "" == "if" then
         1286|       if isBool def.condition then
             |       ^
         1287|         if def.condition then dischargeProperties def.content else [ ]

       … while calling the 'isBool' builtin
         at /nix/store/7agp54mgffm9m1wc1kgmkm37pvy18qhf-source/lib/modules.nix:1286:10:
         1285|     else if def._type or "" == "if" then
         1286|       if isBool def.condition then
             |          ^
         1287|         if def.condition then dischargeProperties def.content else [ ]

       … while evaluating the attribute 'condition'
         at /nix/store/7agp54mgffm9m1wc1kgmkm37pvy18qhf-source/lib/modules.nix:1442:13:
         1441|     _type = "if";
         1442|     inherit condition content;
             |             ^
         1443|   };

       … from call site
         at /nix/store/nmlj503piw75wayd45s2m6lhmh1bbimc-source/modules/lib/file-type.nix:145:28:
          144|             target = mkDefault name;
          145|             source = mkIf (config.text != null) (
             |                            ^
          146|               mkDefault (

       … while calling anonymous lambda
         at /nix/store/7agp54mgffm9m1wc1kgmkm37pvy18qhf-source/lib/attrsets.nix:1188:17:
         1187|         mapAttrs (
         1188|           name: value:
             |                 ^
         1189|           if isAttrs value && cond value then recurse (path ++ [ name ]) value else f (path ++ [ name ]) value

       … from call site
         at /nix/store/7agp54mgffm9m1wc1kgmkm37pvy18qhf-source/lib/attrsets.nix:1189:85:
         1188|           name: value:
         1189|           if isAttrs value && cond value then recurse (path ++ [ name ]) value else f (path ++ [ name ]) value
             |                                                                                     ^
         1190|         );

       … while calling anonymous lambda
         at /nix/store/7agp54mgffm9m1wc1kgmkm37pvy18qhf-source/lib/modules.nix:275:71:
          274|           # For definitions that have an associated option
          275|           declaredConfig = mapAttrsRecursiveCond (v: !isOption v) (_: v: v.value) options;
             |                                                                       ^
          276|

       … while evaluating the attribute 'value'
         at /nix/store/7agp54mgffm9m1wc1kgmkm37pvy18qhf-source/lib/modules.nix:1118:7:
         1117|     // {
         1118|       value = addErrorContext "while evaluating the option `${showOption loc}':" value;
             |       ^
         1119|       inherit (res.defsFinal') highestPrio;

       … while evaluating the option `home-manager.users.sla.home.file.".manpath".text':

       (10 duplicate frames omitted)

       … while evaluating definitions from `/nix/store/nmlj503piw75wayd45s2m6lhmh1bbimc-source/modules/programs/man.nix':

       (6 duplicate frames omitted)

       … while evaluating derivation 'man-cache'
         whose name attribute is located at /nix/store/7agp54mgffm9m1wc1kgmkm37pvy18qhf-source/pkgs/stdenv/generic/make-derivation.nix:544:13

       … while evaluating attribute 'buildCommand' of derivation 'man-cache'
         at /nix/store/7agp54mgffm9m1wc1kgmkm37pvy18qhf-source/pkgs/build-support/trivial-builders/default.nix:80:17:
           79|         enableParallelBuilding = true;
           80|         inherit buildCommand name;
             |                 ^
           81|         passAsFile = [ "buildCommand" ] ++ (derivationArgs.passAsFile or [ ]);

       … while calling the 'getAttr' builtin
         at <nix/derivation-internal.nix>:50:17:
           49|     value = commonAttrs // {
           50|       outPath = builtins.getAttr outputName strict;
             |                 ^
           51|       drvPath = strict.drvPath;

       … while calling the 'derivationStrict' builtin
         at <nix/derivation-internal.nix>:37:12:
           36|
           37|   strict = derivationStrict drvAttrs;
             |            ^
           38|

       … while evaluating derivation 'man-paths'
         whose name attribute is located at /nix/store/7agp54mgffm9m1wc1kgmkm37pvy18qhf-source/pkgs/stdenv/generic/make-derivation.nix:544:13

       … while evaluating attribute 'passAsFile' of derivation 'man-paths'
         at /nix/store/7agp54mgffm9m1wc1kgmkm37pvy18qhf-source/pkgs/build-support/trivial-builders/default.nix:81:9:
           80|         inherit buildCommand name;
           81|         passAsFile = [ "buildCommand" ] ++ (derivationArgs.passAsFile or [ ]);
             |         ^
           82|       }

       … while evaluating the attribute 'passAsFile'
         at /nix/store/7agp54mgffm9m1wc1kgmkm37pvy18qhf-source/pkgs/build-support/buildenv/default.nix:113:9:
          112|         # XXX: The size is somewhat arbitrary
          113|         passAsFile = if builtins.stringLength pkgs >= 128 * 1024 then [ "pkgs" ] else [ ];
             |         ^
          114|       }

       … while evaluating a branch condition
         at /nix/store/7agp54mgffm9m1wc1kgmkm37pvy18qhf-source/pkgs/build-support/buildenv/default.nix:113:22:
          112|         # XXX: The size is somewhat arbitrary
          113|         passAsFile = if builtins.stringLength pkgs >= 128 * 1024 then [ "pkgs" ] else [ ];
             |                      ^
          114|       }

       … in the argument of the not operator
         at /nix/store/7agp54mgffm9m1wc1kgmkm37pvy18qhf-source/pkgs/build-support/buildenv/default.nix:113:52:
          112|         # XXX: The size is somewhat arbitrary
          113|         passAsFile = if builtins.stringLength pkgs >= 128 * 1024 then [ "pkgs" ] else [ ];
             |                                                    ^
          114|       }

       … while calling the 'lessThan' builtin
         at /nix/store/7agp54mgffm9m1wc1kgmkm37pvy18qhf-source/pkgs/build-support/buildenv/default.nix:113:52:
          112|         # XXX: The size is somewhat arbitrary
          113|         passAsFile = if builtins.stringLength pkgs >= 128 * 1024 then [ "pkgs" ] else [ ];
             |                                                    ^
          114|       }

       … while calling the 'stringLength' builtin
         at /nix/store/7agp54mgffm9m1wc1kgmkm37pvy18qhf-source/pkgs/build-support/buildenv/default.nix:113:25:
          112|         # XXX: The size is somewhat arbitrary
          113|         passAsFile = if builtins.stringLength pkgs >= 128 * 1024 then [ "pkgs" ] else [ ];
             |                         ^
          114|       }

       … while calling the 'toJSON' builtin
         at /nix/store/7agp54mgffm9m1wc1kgmkm37pvy18qhf-source/pkgs/build-support/buildenv/default.nix:108:16:
          107|           ;
          108|         pkgs = builtins.toJSON chosenOutputs;
             |                ^
          109|         extraPathsFrom = lib.optional includeClosures (writeClosure pathsForClosure);

       … while calling the 'map' builtin
         at /nix/store/7agp54mgffm9m1wc1kgmkm37pvy18qhf-source/pkgs/build-support/buildenv/default.nix:67:21:
           66|   let
           67|     chosenOutputs = map (drv: {
             |                     ^
           68|       paths =

       … from call site
         at /nix/store/nmlj503piw75wayd45s2m6lhmh1bbimc-source/modules/programs/man.nix:54:21:
           53|             name = "man-paths";
           54|             paths = config.home.packages;
             |                     ^
           55|             pathsToLink = [ "/share/man" ];

       … while calling anonymous lambda
         at /nix/store/7agp54mgffm9m1wc1kgmkm37pvy18qhf-source/lib/attrsets.nix:1188:17:
         1187|         mapAttrs (
         1188|           name: value:
             |                 ^
         1189|           if isAttrs value && cond value then recurse (path ++ [ name ]) value else f (path ++ [ name ]) value

       … from call site
         at /nix/store/7agp54mgffm9m1wc1kgmkm37pvy18qhf-source/lib/attrsets.nix:1189:85:
         1188|           name: value:
         1189|           if isAttrs value && cond value then recurse (path ++ [ name ]) value else f (path ++ [ name ]) value
             |                                                                                     ^
         1190|         );

       … while calling anonymous lambda
         at /nix/store/7agp54mgffm9m1wc1kgmkm37pvy18qhf-source/lib/modules.nix:275:71:
          274|           # For definitions that have an associated option
          275|           declaredConfig = mapAttrsRecursiveCond (v: !isOption v) (_: v: v.value) options;
             |                                                                       ^
          276|

       … while evaluating the attribute 'value'
         at /nix/store/7agp54mgffm9m1wc1kgmkm37pvy18qhf-source/lib/modules.nix:1118:7:
         1117|     // {
         1118|       value = addErrorContext "while evaluating the option `${showOption loc}':" value;
             |       ^
         1119|       inherit (res.defsFinal') highestPrio;

       … while evaluating the option `home-manager.users.sla.home.packages':

       … while evaluating the attribute 'mergedValue'
         at /nix/store/7agp54mgffm9m1wc1kgmkm37pvy18qhf-source/lib/modules.nix:1166:5:
         1165|     # Type-check the remaining definitions, and merge them. Or throw if no definitions.
         1166|     mergedValue =
             |     ^
         1167|       if isDefined then

       … while evaluating the attribute 'value'
         at /nix/store/7agp54mgffm9m1wc1kgmkm37pvy18qhf-source/lib/types.nix:741:17:
          740|                 headError = checkDefsForError check loc defs;
          741|                 value = map (x: x.optionalValue.value or x.mergedValue) evals;
             |                 ^
          742|                 valueMeta.list = map (v: v.checkedAndMerged.valueMeta) evals;

       … while calling the 'map' builtin
         at /nix/store/7agp54mgffm9m1wc1kgmkm37pvy18qhf-source/lib/types.nix:741:25:
          740|                 headError = checkDefsForError check loc defs;
          741|                 value = map (x: x.optionalValue.value or x.mergedValue) evals;
             |                         ^
          742|                 valueMeta.list = map (v: v.checkedAndMerged.valueMeta) evals;

       … while calling the 'filter' builtin
         at /nix/store/7agp54mgffm9m1wc1kgmkm37pvy18qhf-source/lib/types.nix:722:25:
          721|               let
          722|                 evals = filter (x: x.optionalValue ? value) (
             |                         ^
          723|                   concatLists (

       … while calling anonymous lambda
         at /nix/store/7agp54mgffm9m1wc1kgmkm37pvy18qhf-source/lib/types.nix:722:33:
          721|               let
          722|                 evals = filter (x: x.optionalValue ? value) (
             |                                 ^
          723|                   concatLists (

       (10 duplicate frames omitted)

       … while evaluating definitions from `/nix/store/7agp54mgffm9m1wc1kgmkm37pvy18qhf-source/flake.nix':

       … from call site
         at /nix/store/7agp54mgffm9m1wc1kgmkm37pvy18qhf-source/lib/modules.nix:1145:80:
         1144|               }
         1145|           ) (addErrorContext "while evaluating definitions from `${m.file}':" (dischargeProperties m.value))
             |                                                                                ^
         1146|         ) defs;

       … while calling 'dischargeProperties'
         at /nix/store/7agp54mgffm9m1wc1kgmkm37pvy18qhf-source/lib/modules.nix:1282:5:
         1281|   dischargeProperties =
         1282|     def:
             |     ^
         1283|     if def._type or "" == "merge" then

       … while evaluating a branch condition
         at /nix/store/7agp54mgffm9m1wc1kgmkm37pvy18qhf-source/lib/modules.nix:1283:5:
         1282|     def:
         1283|     if def._type or "" == "merge" then
             |     ^
         1284|       concatMap dischargeProperties def.contents

       … while evaluating the attribute 'value'
         at /nix/store/7agp54mgffm9m1wc1kgmkm37pvy18qhf-source/lib/types.nix:731:29:
          730|                             inherit (def) file;
          731|                             value = def';
             |                             ^
          732|                           }

       … while calling the 'elemAt' builtin
         at /nix/store/7agp54mgffm9m1wc1kgmkm37pvy18qhf-source/lib/lists.nix:345:43:
          344|   */
          345|   imap1 = f: list: genList (n: f (n + 1) (elemAt list n)) (length list);
             |                                           ^
          346|

       … while calling the 'import' builtin
         at /nix/store/hrzvmbkmbpxhfy8vvbngnszs4jw61rxi-source/home.nix:5:20:
            4|   home-manager = builtins.fetchTarball "https://github.com/nix-community/home-manager/archive/master.tar.gz";
            5|   nix-alien-pkgs = import (
             |                    ^
            6|     builtins.fetchTarball "https://github.com/thiagokokada/nix-alien/tarball/master"

       … while realising the context of a path

       … while calling the 'fetchTarball' builtin
         at /nix/store/hrzvmbkmbpxhfy8vvbngnszs4jw61rxi-source/home.nix:6:5:
            5|   nix-alien-pkgs = import (
            6|     builtins.fetchTarball "https://github.com/thiagokokada/nix-alien/tarball/master"
             |     ^
            7|   ) { };

       error: in pure evaluation mode, 'fetchTarball' requires a 'sha256' argument
Command 'nix --extra-experimental-features 'nix-command flakes' build --print-out-paths '.#nixosConfigurations."nixos".config.system.build.toplevel' --show-trace --no-link' returned non-zero exit status 1.
